[tests/test1, parsedGraph1]
### Extractor Started !
tests/test1
### AbsolutePath
	/home/ej/github/sjsu-portfolio/cmpe202/umlparser/tests/test1
### Located classes name
	[D, B, C, A]
### Code name = D

### Processing Methods started !

### Processing Fields started !
	field name: a
		-field type: A
		typeName = A
			Signature = private A a

### Processing Getter Setter started !
				Field name = a
				- Getter = geta
				- Setter = seta
				isGetter = false
				isSetter = false
### Code name = B

### Processing Methods started !

### Processing Fields started !
	field name: a
		-field type: A
		typeName = A
			Signature = private A a

### Processing Getter Setter started !
				Field name = a
				- Getter = geta
				- Setter = seta
				isGetter = false
				isSetter = false
### Code name = C

### Processing Methods started !

### Processing Fields started !
	field name: a
		-field type: A
		typeName = A
			Signature = private A a

### Processing Getter Setter started !
				Field name = a
				- Getter = geta
				- Setter = seta
				isGetter = false
				isSetter = false
### Code name = A

### Processing Methods started !

### Processing Fields started !
	field name: x
		-field type: int
		typeName = int
			Signature = private int x
	field name: y
		-field type: int[]
		typeName = int[]
			Signature = private int[] y
	field name: b
	-raw type:interface java.util.Collection
		-type arg: class B
		typeName = java.util.Collection<B>
			Signature = private Collection<B> b
	field name: c
		-field type: C
		typeName = C
			Signature = private C c
	field name: d
	-raw type:interface java.util.Collection
		-type arg: class D
		typeName = java.util.Collection<D>
			Signature = private Collection<D> d

### Processing Getter Setter started !
				Field name = x
				- Getter = getx
				- Setter = setx
				isGetter = false
				isSetter = false
				Field name = y
				- Getter = gety
				- Setter = sety
				isGetter = false
				isSetter = false
				Field name = b
				- Getter = getb
				- Setter = setb
				isGetter = false
				isSetter = false
				Field name = c
				- Getter = getc
				- Setter = setc
				isGetter = false
				isSetter = false
				Field name = d
				- Getter = getd
				- Setter = setd
				isGetter = false
				isSetter = false

### Processing Dependency started !
	Code Path = /home/ej/github/sjsu-portfolio/cmpe202/umlparser/tests/test1/D.java
### Code String successfully loaded!


public class D {
 
	private A a;
	 
}
 



### Public Indices = []


	Code Path = /home/ej/github/sjsu-portfolio/cmpe202/umlparser/tests/test1/B.java
### Code String successfully loaded!

public class B {
 
	private A a;
	 
}
 



### Public Indices = []


	Code Path = /home/ej/github/sjsu-portfolio/cmpe202/umlparser/tests/test1/C.java
### Code String successfully loaded!


public class C {
 
	private A a;
	 
}
 



### Public Indices = []


	Code Path = /home/ej/github/sjsu-portfolio/cmpe202/umlparser/tests/test1/A.java
### Code String successfully loaded!
import java.util.Collection;

public class A {
 
	private int x;
	 
	private int[] y;
	 
	private Collection<B> b;
	 
	private C c;
	 
	private Collection<D> d;
	 
}




### Public Indices = []


### Classes
[D, B, C, A]
### Methods String
[	public D();
, 	public B();
, 	public C();
, 	public A();
]
### Fields String
[	private A a;
, 	private A a;
, 	private A a;
, 	private int x;
	private int[] y;
	private Collection<B> b;
	private C c;
	private Collection<D> d;
]
### Real Types
[A
, A
, A
, int
int[]
B
C
D
]
### Is Interface
[false, false, false, false]
### Extends
{}
### Implements
{}
### Is Publicable
{A={b=false, c=false, d=false, x=false, y=false}, B={a=false}, C={a=false}, D={a=false}}
### Dependencies
{A=[], B=[], C=[], D=[]}

### Reconstruction Started !
### Detected built-in type = []
### i = 0 class name = D
### Switch to Public
			myFields before = [	private A a;]
			myMethods before = [	public D();]
			FieldAndPubliacble = {a=false}
			Field name = a
			Publicable = false
			myFields after = [	private A a;]
			myMethods after = [	public D();]
### Generate Associations
ITS TYPE = A
ITS FIELDS = [	private int x;, 	private int[] y;, 	private Collection<B> b;, 	private C c;, 	private Collection<D> d;]
ITS TYPES = [int, int[], B, C, D]
	### Its Fields Length = 5
	### Its FieldsTypes length = 5
	RESULT = 	private int x;
	private int[] y;
	private Collection<B> b;
	private C c;

	RESULT TYPES = int
int[]
B
C

	JAVADOC =  * @assoc "*" - 
	### myFields length = 1
	### myFieldsTypes length = 1
	RESULT1 = 
	RESULT TYPES1 = 
	JAVADOC =  * @assoc "*" - "" A

		Modified fields = [, 	private A a;
, 	private A a;
, 	private int x;
	private int[] y;
	private Collection<B> b;
	private C c;
]
### Reconstruct One Code
### i = 1 class name = B
### Switch to Public
			myFields before = [	private A a;]
			myMethods before = [	public B();]
			FieldAndPubliacble = {a=false}
			Field name = a
			Publicable = false
			myFields after = [	private A a;]
			myMethods after = [	public B();]
### Generate Associations
ITS TYPE = A
ITS FIELDS = [	private int x;, 	private int[] y;, 	private Collection<B> b;, 	private C c;]
ITS TYPES = [int, int[], B, C]
	### Its Fields Length = 4
	### Its FieldsTypes length = 4
	RESULT = 	private int x;
	private int[] y;
	private C c;

	RESULT TYPES = int
int[]
C

	JAVADOC =  * @assoc "*" - 
	### myFields length = 1
	### myFieldsTypes length = 1
	RESULT1 = 
	RESULT TYPES1 = 
	JAVADOC =  * @assoc "*" - "" A

		Modified fields = [, , 	private A a;
, 	private int x;
	private int[] y;
	private C c;
]
### Reconstruct One Code
### i = 2 class name = C
### Switch to Public
			myFields before = [	private A a;]
			myMethods before = [	public C();]
			FieldAndPubliacble = {a=false}
			Field name = a
			Publicable = false
			myFields after = [	private A a;]
			myMethods after = [	public C();]
### Generate Associations
ITS TYPE = A
ITS FIELDS = [	private int x;, 	private int[] y;, 	private C c;]
ITS TYPES = [int, int[], C]
	### Its Fields Length = 3
	### Its FieldsTypes length = 3
	RESULT = 	private int x;
	private int[] y;

	RESULT TYPES = int
int[]

	JAVADOC =  * @assoc "1" - 
	### myFields length = 1
	### myFieldsTypes length = 1
	RESULT1 = 
	RESULT TYPES1 = 
	JAVADOC =  * @assoc "1" - "" A

		Modified fields = [, , , 	private int x;
	private int[] y;
]
### Reconstruct One Code
### i = 3 class name = A
### Switch to Public
			myFields before = [	private int x;, 	private int[] y;]
			myMethods before = [	public A();]
			FieldAndPubliacble = {b=false, c=false, d=false, x=false, y=false}
			Field name = x
			Publicable = false
			Field name = y
			Publicable = false
			myFields after = [	private int x;, 	private int[] y;]
			myMethods after = [	public A();]
### Generate Associations
		Modified fields = [, , , 	private int x;
	private int[] y;
]
### Reconstruct One Code
### Reconstructed codes
[
/**
 * @opt operations
 * @opt attributes
 * @opt types
 * @opt visibility
 * @opt constructors
 * @hidden
 */
class UMLOptions {}

/**
 * @hidden
 */
class String {}

/**
 * @hidden
 */
class ArrayList {}

/**
 * @hidden
 */
class HashMap {}

/**
 * @hidden
 */
class Hashtable {}

/**
 * @hidden
 */
class Device$ORIENTATION_MODE {}

, /**
 * @assoc "*" - "" A
 */
class D  {
	public D();
}
, /**
 * @assoc "*" - "" A
 */
class B  {
	public B();
}
, /**
 * @assoc "1" - "" A
 */
class C  {
	public C();
}
, class A  {
	private int x;
	private int[] y;
	public A();
}
]
### Write reconstructed codes !

### File Path = ./parsedGraph1.java

/**
 * @opt operations
 * @opt attributes
 * @opt types
 * @opt visibility
 * @opt constructors
 * @hidden
 */
class UMLOptions {}

/**
 * @hidden
 */
class String {}

/**
 * @hidden
 */
class ArrayList {}

/**
 * @hidden
 */
class HashMap {}

/**
 * @hidden
 */
class Hashtable {}

/**
 * @hidden
 */
class Device$ORIENTATION_MODE {}


/**
 * @assoc "*" - "" A
 */
class D  {
	public D();
}

/**
 * @assoc "*" - "" A
 */
class B  {
	public B();
}

/**
 * @assoc "1" - "" A
 */
class C  {
	public C();
}

class A  {
	private int x;
	private int[] y;
	public A();
}

